<?xml version="1.0" encoding="UTF-8"?>
<testng-results skipped="0" failed="0" ignored="0" total="1" passed="1">
  <reporter-output>
  </reporter-output>
  <suite name="Default suite" duration-ms="31126" started-at="2019-11-09T18:07:49Z" finished-at="2019-11-09T18:08:20Z">
    <groups>
    </groups>
    <test name="Default test" duration-ms="31126" started-at="2019-11-09T18:07:49Z" finished-at="2019-11-09T18:08:20Z">
      <class name="com.testcases.First_Program">
        <test-method status="PASS" signature="test()[pri:0, instance:com.testcases.First_Program@3b088d51]" name="test" duration-ms="31094" started-at="2019-11-09T23:37:49Z" finished-at="2019-11-09T23:38:20Z">
          <reporter-output>
          </reporter-output>
        </test-method> <!-- test -->
      </class> <!-- com.testcases.First_Program -->
    </test> <!-- Default test -->
  </suite> <!-- Default suite -->
</testng-results>
